2024-03-14 23:11:58.857 [info] (Client) Pylance async client (2024.3.1) started with python extension (2024.2.1)
2024-03-14 23:12:00.232 [info] [Info  - 11:12:00 PM] (6163) Pylance language server 2024.3.1 (pyright version 1.1.351, commit 87171fbf) starting
2024-03-14 23:12:00.233 [info] [Info  - 11:12:00 PM] (6163) Server root directory: file:///root/.vscode-server/extensions/ms-python.vscode-pylance-2024.3.1/dist
2024-03-14 23:12:00.234 [info] [Info  - 11:12:00 PM] (6163) Starting service instance "MobileAppenv"
2024-03-14 23:12:00.399 [info] [Info  - 11:12:00 PM] (6163) Setting pythonPath for service "MobileAppenv": "/root/MobileAppenv/.venv/bin/python"
2024-03-14 23:12:00.403 [info] [Info  - 11:12:00 PM] (6163) Setting environmentName for service "MobileAppenv": "3.11.6 (.venv venv)"
2024-03-14 23:12:00.544 [info] [Info  - 11:12:00 PM] (6163) Assuming Python version 3.11
2024-03-14 23:12:00.736 [info] [Info  - 11:12:00 PM] (6163) Auto-excluding /root/MobileAppenv
2024-03-14 23:12:00.742 [info] [Info  - 11:12:00 PM] (6163) No source files found.
2024-03-14 23:12:01.697 [info] [Info  - 11:12:01 PM] (6163) Background analysis(1) root directory: file:///root/.vscode-server/extensions/ms-python.vscode-pylance-2024.3.1/dist
2024-03-14 23:12:01.709 [info] [Info  - 11:12:01 PM] (6163) Background analysis(1) started
2024-03-14 23:30:37.849 [info] [Info  - 11:30:37 PM] (6163) Indexer background runner(2) root directory: file:///root/.vscode-server/extensions/ms-python.vscode-pylance-2024.3.1/dist (refresh)
2024-03-14 23:30:37.849 [info] [Info  - 11:30:37 PM] (6163) Indexing(2) started
2024-03-14 23:30:41.948 [info] [Info  - 11:30:41 PM] (6163) [IDX(2)] Long operation: scan packages file:///root/MobileAppenv (4049ms)
2024-03-14 23:30:41.949 [info] [Info  - 11:30:41 PM] (6163) scanned(2) 76 files over 1 exec env
2024-03-14 23:30:42.704 [info] [Info  - 11:30:42 PM] (6163) [BG(1)] Long operation: SemanticTokens full at file:///root/MobileAppenv/candyAPI/loadMongo.py (4869ms)
2024-03-14 23:30:52.525 [info] [Info  - 11:30:52 PM] (6163) [IDX(2)] Long operation: index execution environment file:///root/MobileAppenv (7872ms)
2024-03-14 23:30:52.577 [info] [Info  - 11:30:52 PM] (6163) [IDX(2)] Long operation: index packages file:///root/MobileAppenv (7934ms)
2024-03-14 23:30:52.577 [info] [Info  - 11:30:52 PM] (6163) indexed(2) 66 files over 1 exec env
2024-03-14 23:30:52.864 [info] [Info  - 11:30:52 PM] (6163) Indexing finished(2).
