2024-03-14 23:35:10.082 [error] [RPC Response] PtyService#updateTitle Could not find pty on pty host
2024-03-14 23:35:12.827 [warning] Shell integration cannot be enabled for executable "/bin/sh" and args ["-c","wget --version > /dev/null\nif [ $? -eq 0 ]\nthen\n\twget --connect-timeout=7 --tries=1 --dns-timeout=7 -q --header='Metadata:true' -O - http://169.254.169.254/metadata/instance?api-version=2019-03-11\nelse\n\tcurl --version > /dev/null\n\tif [ $? -eq 0 ]\n\tthen\n\t\tcurl --connect-timeout 7 -s --header='Metadata:true' http://169.254.169.254/metadata/instance?api-version=2019-03-11\n\tfi\nfi\nexit 0"]
2024-03-14 23:35:12.893 [warning] Shell integration cannot be enabled for executable "/bin/sh" and args ["-c","wget --version > /dev/null\nif [ $? -eq 0 ]\nthen\n\twget --connect-timeout=7 --tries=1 --dns-timeout=7 -q  -O - http://169.254.169.254/latest/meta-data/instance-id\nelse\n\tcurl --version > /dev/null\n\tif [ $? -eq 0 ]\n\tthen\n\t\tcurl --connect-timeout 7 -s  http://169.254.169.254/latest/meta-data/instance-id\n\tfi\nfi\nexit 0"]
2024-03-14 23:35:12.921 [warning] Shell integration cannot be enabled for executable "/bin/sh" and args ["-c","wget --version > /dev/null\nif [ $? -eq 0 ]\nthen\n\twget --connect-timeout=7 --tries=1 --dns-timeout=7 -q  -O - http://169.254.169.254/metadata/v1/id\nelse\n\tcurl --version > /dev/null\n\tif [ $? -eq 0 ]\n\tthen\n\t\tcurl --connect-timeout 7 -s  http://169.254.169.254/metadata/v1/id\n\tfi\nfi\nexit 0"]
2024-03-14 23:35:12.951 [warning] Shell integration cannot be enabled for executable "/bin/sh" and args ["-c","wget --version > /dev/null\nif [ $? -eq 0 ]\nthen\n\twget --connect-timeout=7 --tries=1 --dns-timeout=7 -q --header='Metadata-Flavor:Google' -O - http://metadata.google.internal/computeMetadata/v1/instance/id\nelse\n\tcurl --version > /dev/null\n\tif [ $? -eq 0 ]\n\tthen\n\t\tcurl --connect-timeout 7 -s --header='Metadata-Flavor:Google' http://metadata.google.internal/computeMetadata/v1/instance/id\n\tfi\nfi\nexit 0"]
2024-03-14 23:40:25.868 [error] [RPC Response] PtyService#updateIcon Could not find pty on pty host
2024-03-14 23:40:25.869 [error] [RPC Response] PtyService#updateTitle Could not find pty on pty host
2024-03-14 23:40:25.869 [error] [RPC Response] PtyService#updateTitle Could not find pty on pty host
2024-03-14 23:40:26.909 [error] [RPC Response] PtyService#updateTitle Could not find pty on pty host
2024-03-15 00:00:26.022 [error] [RPC Response] PtyService#updateIcon Could not find pty on pty host
2024-03-15 00:00:26.023 [error] [RPC Response] PtyService#updateTitle Could not find pty on pty host
2024-03-15 00:00:26.023 [error] [RPC Response] PtyService#updateTitle Could not find pty on pty host
2024-03-15 00:00:27.035 [error] [RPC Response] PtyService#updateTitle Could not find pty on pty host
2024-03-15 00:23:21.228 [error] [RPC Response] PtyService#updateIcon Could not find pty on pty host
2024-03-15 00:23:21.228 [error] [RPC Response] PtyService#updateTitle Could not find pty on pty host
2024-03-15 00:23:21.229 [error] [RPC Response] PtyService#updateTitle Could not find pty on pty host
2024-03-15 00:23:22.231 [error] [RPC Response] PtyService#updateTitle Could not find pty on pty host
2024-03-15 00:43:39.811 [error] [RPC Response] PtyService#updateIcon Could not find pty on pty host
2024-03-15 00:43:39.812 [error] [RPC Response] PtyService#updateTitle Could not find pty on pty host
2024-03-15 00:43:39.813 [error] [RPC Response] PtyService#updateTitle Could not find pty on pty host
2024-03-15 00:43:40.777 [error] [RPC Response] PtyService#updateTitle Could not find pty on pty host
2024-03-15 01:12:27.371 [error] [RPC Response] PtyService#updateIcon Could not find pty on pty host
2024-03-15 01:12:27.371 [error] [RPC Response] PtyService#updateTitle Could not find pty on pty host
2024-03-15 01:12:27.372 [error] [RPC Response] PtyService#updateTitle Could not find pty on pty host
2024-03-15 01:12:28.281 [error] [RPC Response] PtyService#updateTitle Could not find pty on pty host
2024-03-15 01:36:15.754 [error] [RPC Response] PtyService#updateIcon Could not find pty on pty host
2024-03-15 01:36:15.755 [error] [RPC Response] PtyService#updateTitle Could not find pty on pty host
2024-03-15 01:36:15.756 [error] [RPC Response] PtyService#updateTitle Could not find pty on pty host
2024-03-15 01:36:16.836 [error] [RPC Response] PtyService#updateTitle Could not find pty on pty host
2024-03-15 01:53:22.921 [error] [RPC Response] PtyService#updateIcon Could not find pty on pty host
2024-03-15 01:53:22.922 [error] [RPC Response] PtyService#updateTitle Could not find pty on pty host
2024-03-15 01:53:22.923 [error] [RPC Response] PtyService#updateTitle Could not find pty on pty host
2024-03-15 01:53:23.765 [error] [RPC Response] PtyService#updateTitle Could not find pty on pty host
2024-03-15 02:08:15.147 [error] [RPC Response] PtyService#updateIcon Could not find pty on pty host
2024-03-15 02:08:15.149 [error] [RPC Response] PtyService#updateTitle Could not find pty on pty host
2024-03-15 02:08:15.150 [error] [RPC Response] PtyService#updateTitle Could not find pty on pty host
2024-03-15 02:08:16.138 [error] [RPC Response] PtyService#updateTitle Could not find pty on pty host
