*
* Visual Studio Code Server
*
* By using the software, you agree to
* the Visual Studio Code Server License Terms (https://aka.ms/vscode-server-license) and
* the Microsoft Privacy Statement (https://privacy.microsoft.com/en-US/privacystatement).
*
Server bound to 127.0.0.1:35349 (IPv4)
Extension host agent listening on 35349

[02:19:06] 




[02:19:06] Extension host agent started.
[02:19:06] [127.0.0.1][c3086e35][ManagementConnection] New connection established.
[02:19:07] [127.0.0.1][5dccdd88][ExtensionHostConnection] New connection established.
[02:19:07] [127.0.0.1][5dccdd88][ExtensionHostConnection] <42191> Launched Extension Host Process.
[02:19:17] Getting Manifest... ms-python.debugpy
[02:19:17] Getting Manifest... ms-python.python
[02:19:17] Installing extension: ms-python.python
[02:19:17] Installing extension: ms-python.debugpy
[02:19:19] Extension signature verification failed with error 'ENOENT': ms-python.debugpy
[02:19:19] Extension signature verification failed with error 'ENOENT': ms-python.python
[02:19:24] Extracted extension to file:///root/.vscode-server/extensions/ms-python.debugpy-2024.2.0-linux-x64: ms-python.debugpy
[02:19:24] Renamed to /root/.vscode-server/extensions/ms-python.debugpy-2024.2.0-linux-x64
[02:19:24] Extracting extension completed. ms-python.debugpy
[02:19:24] Extension installed successfully: ms-python.debugpy
[02:19:24] Marked extension as uninstalled ms-python.debugpy-2024.0.0-linux-x64
[02:19:40] Extracted extension to file:///root/.vscode-server/extensions/ms-python.python-2024.2.1: ms-python.python
[02:19:40] Renamed to /root/.vscode-server/extensions/ms-python.python-2024.2.1
[02:19:40] Extracting extension completed. ms-python.python
[02:19:40] Extension installed successfully: ms-python.python
[02:19:40] Marked extension as uninstalled ms-python.python-2024.0.1
New EH opened, aborting shutdown
[02:24:06] New EH opened, aborting shutdown
[02:53:25] [127.0.0.1][c3086e35][ManagementConnection] The client has reconnected.
rejected promise not handled within 1 second: CodeExpectedError: Could not find pty on pty host
stack trace: CodeExpectedError: Could not find pty on pty host
    at A.U (/root/.vscode-server/bin/903b1e9d8990623e3d7da1df3d33db3e42d80eda/out/vs/platform/terminal/node/ptyHostMain.js:43:32407)
    at A.updateIcon (/root/.vscode-server/bin/903b1e9d8990623e3d7da1df3d33db3e42d80eda/out/vs/platform/terminal/node/ptyHostMain.js:43:27592)
    at U.<computed> (/root/.vscode-server/bin/903b1e9d8990623e3d7da1df3d33db3e42d80eda/out/vs/platform/terminal/node/ptyHostMain.js:43:22765)
    at Object.call (/root/.vscode-server/bin/903b1e9d8990623e3d7da1df3d33db3e42d80eda/out/vs/platform/terminal/node/ptyHostMain.js:34:5041)
    at $.s (/root/.vscode-server/bin/903b1e9d8990623e3d7da1df3d33db3e42d80eda/out/vs/platform/terminal/node/ptyHostMain.js:32:5153)
    at $.q (/root/.vscode-server/bin/903b1e9d8990623e3d7da1df3d33db3e42d80eda/out/vs/platform/terminal/node/ptyHostMain.js:32:4662)
    at a.value (/root/.vscode-server/bin/903b1e9d8990623e3d7da1df3d33db3e42d80eda/out/vs/platform/terminal/node/ptyHostMain.js:32:4064)
    at d.y (/root/.vscode-server/bin/903b1e9d8990623e3d7da1df3d33db3e42d80eda/out/vs/platform/terminal/node/ptyHostMain.js:27:1906)
    at d.fire (/root/.vscode-server/bin/903b1e9d8990623e3d7da1df3d33db3e42d80eda/out/vs/platform/terminal/node/ptyHostMain.js:27:2123)
    at process.ne (/root/.vscode-server/bin/903b1e9d8990623e3d7da1df3d33db3e42d80eda/out/vs/platform/terminal/node/ptyHostMain.js:25:10072)
    at process.emit (node:events:514:28)
    at emit (node:internal/child_process:937:14)
    at process.processTicksAndRejections (node:internal/process/task_queues:83:21)
[02:53:26] Error [CodeExpectedError]: Could not find pty on pty host
    at A.U (/root/.vscode-server/bin/903b1e9d8990623e3d7da1df3d33db3e42d80eda/out/vs/platform/terminal/node/ptyHostMain.js:43:32407)
    at A.updateIcon (/root/.vscode-server/bin/903b1e9d8990623e3d7da1df3d33db3e42d80eda/out/vs/platform/terminal/node/ptyHostMain.js:43:27592)
    at U.<computed> (/root/.vscode-server/bin/903b1e9d8990623e3d7da1df3d33db3e42d80eda/out/vs/platform/terminal/node/ptyHostMain.js:43:22765)
    at Object.call (/root/.vscode-server/bin/903b1e9d8990623e3d7da1df3d33db3e42d80eda/out/vs/platform/terminal/node/ptyHostMain.js:34:5041)
    at $.s (/root/.vscode-server/bin/903b1e9d8990623e3d7da1df3d33db3e42d80eda/out/vs/platform/terminal/node/ptyHostMain.js:32:5153)
    at $.q (/root/.vscode-server/bin/903b1e9d8990623e3d7da1df3d33db3e42d80eda/out/vs/platform/terminal/node/ptyHostMain.js:32:4662)
    at a.value (/root/.vscode-server/bin/903b1e9d8990623e3d7da1df3d33db3e42d80eda/out/vs/platform/terminal/node/ptyHostMain.js:32:4064)
    at d.y (/root/.vscode-server/bin/903b1e9d8990623e3d7da1df3d33db3e42d80eda/out/vs/platform/terminal/node/ptyHostMain.js:27:1906)
    at d.fire (/root/.vscode-server/bin/903b1e9d8990623e3d7da1df3d33db3e42d80eda/out/vs/platform/terminal/node/ptyHostMain.js:27:2123)
    at process.ne (/root/.vscode-server/bin/903b1e9d8990623e3d7da1df3d33db3e42d80eda/out/vs/platform/terminal/node/ptyHostMain.js:25:10072)
    at process.emit (node:events:514:28)
    at emit (node:internal/child_process:937:14)
    at process.processTicksAndRejections (node:internal/process/task_queues:83:21)
rejected promise not handled within 1 second: CodeExpectedError: Could not find pty on pty host
stack trace: CodeExpectedError: Could not find pty on pty host
    at A.U (/root/.vscode-server/bin/903b1e9d8990623e3d7da1df3d33db3e42d80eda/out/vs/platform/terminal/node/ptyHostMain.js:43:32407)
    at A.updateTitle (/root/.vscode-server/bin/903b1e9d8990623e3d7da1df3d33db3e42d80eda/out/vs/platform/terminal/node/ptyHostMain.js:43:27539)
    at U.<computed> (/root/.vscode-server/bin/903b1e9d8990623e3d7da1df3d33db3e42d80eda/out/vs/platform/terminal/node/ptyHostMain.js:43:22765)
    at Object.call (/root/.vscode-server/bin/903b1e9d8990623e3d7da1df3d33db3e42d80eda/out/vs/platform/terminal/node/ptyHostMain.js:34:5041)
    at $.s (/root/.vscode-server/bin/903b1e9d8990623e3d7da1df3d33db3e42d80eda/out/vs/platform/terminal/node/ptyHostMain.js:32:5153)
    at $.q (/root/.vscode-server/bin/903b1e9d8990623e3d7da1df3d33db3e42d80eda/out/vs/platform/terminal/node/ptyHostMain.js:32:4662)
    at a.value (/root/.vscode-server/bin/903b1e9d8990623e3d7da1df3d33db3e42d80eda/out/vs/platform/terminal/node/ptyHostMain.js:32:4064)
    at d.y (/root/.vscode-server/bin/903b1e9d8990623e3d7da1df3d33db3e42d80eda/out/vs/platform/terminal/node/ptyHostMain.js:27:1906)
    at d.fire (/root/.vscode-server/bin/903b1e9d8990623e3d7da1df3d33db3e42d80eda/out/vs/platform/terminal/node/ptyHostMain.js:27:2123)
    at process.ne (/root/.vscode-server/bin/903b1e9d8990623e3d7da1df3d33db3e42d80eda/out/vs/platform/terminal/node/ptyHostMain.js:25:10072)
    at process.emit (node:events:514:28)
    at emit (node:internal/child_process:937:14)
    at process.processTicksAndRejections (node:internal/process/task_queues:83:21)
[02:53:26] Error [CodeExpectedError]: Could not find pty on pty host
    at A.U (/root/.vscode-server/bin/903b1e9d8990623e3d7da1df3d33db3e42d80eda/out/vs/platform/terminal/node/ptyHostMain.js:43:32407)
    at A.updateTitle (/root/.vscode-server/bin/903b1e9d8990623e3d7da1df3d33db3e42d80eda/out/vs/platform/terminal/node/ptyHostMain.js:43:27539)
    at U.<computed> (/root/.vscode-server/bin/903b1e9d8990623e3d7da1df3d33db3e42d80eda/out/vs/platform/terminal/node/ptyHostMain.js:43:22765)
    at Object.call (/root/.vscode-server/bin/903b1e9d8990623e3d7da1df3d33db3e42d80eda/out/vs/platform/terminal/node/ptyHostMain.js:34:5041)
    at $.s (/root/.vscode-server/bin/903b1e9d8990623e3d7da1df3d33db3e42d80eda/out/vs/platform/terminal/node/ptyHostMain.js:32:5153)
    at $.q (/root/.vscode-server/bin/903b1e9d8990623e3d7da1df3d33db3e42d80eda/out/vs/platform/terminal/node/ptyHostMain.js:32:4662)
    at a.value (/root/.vscode-server/bin/903b1e9d8990623e3d7da1df3d33db3e42d80eda/out/vs/platform/terminal/node/ptyHostMain.js:32:4064)
    at d.y (/root/.vscode-server/bin/903b1e9d8990623e3d7da1df3d33db3e42d80eda/out/vs/platform/terminal/node/ptyHostMain.js:27:1906)
    at d.fire (/root/.vscode-server/bin/903b1e9d8990623e3d7da1df3d33db3e42d80eda/out/vs/platform/terminal/node/ptyHostMain.js:27:2123)
    at process.ne (/root/.vscode-server/bin/903b1e9d8990623e3d7da1df3d33db3e42d80eda/out/vs/platform/terminal/node/ptyHostMain.js:25:10072)
    at process.emit (node:events:514:28)
    at emit (node:internal/child_process:937:14)
    at process.processTicksAndRejections (node:internal/process/task_queues:83:21)
rejected promise not handled within 1 second: CodeExpectedError: Could not find pty on pty host
stack trace: CodeExpectedError: Could not find pty on pty host
    at A.U (/root/.vscode-server/bin/903b1e9d8990623e3d7da1df3d33db3e42d80eda/out/vs/platform/terminal/node/ptyHostMain.js:43:32407)
    at A.updateTitle (/root/.vscode-server/bin/903b1e9d8990623e3d7da1df3d33db3e42d80eda/out/vs/platform/terminal/node/ptyHostMain.js:43:27539)
    at U.<computed> (/root/.vscode-server/bin/903b1e9d8990623e3d7da1df3d33db3e42d80eda/out/vs/platform/terminal/node/ptyHostMain.js:43:22765)
    at Object.call (/root/.vscode-server/bin/903b1e9d8990623e3d7da1df3d33db3e42d80eda/out/vs/platform/terminal/node/ptyHostMain.js:34:5041)
    at $.s (/root/.vscode-server/bin/903b1e9d8990623e3d7da1df3d33db3e42d80eda/out/vs/platform/terminal/node/ptyHostMain.js:32:5153)
    at $.q (/root/.vscode-server/bin/903b1e9d8990623e3d7da1df3d33db3e42d80eda/out/vs/platform/terminal/node/ptyHostMain.js:32:4662)
    at a.value (/root/.vscode-server/bin/903b1e9d8990623e3d7da1df3d33db3e42d80eda/out/vs/platform/terminal/node/ptyHostMain.js:32:4064)
    at d.y (/root/.vscode-server/bin/903b1e9d8990623e3d7da1df3d33db3e42d80eda/out/vs/platform/terminal/node/ptyHostMain.js:27:1906)
    at d.fire (/root/.vscode-server/bin/903b1e9d8990623e3d7da1df3d33db3e42d80eda/out/vs/platform/terminal/node/ptyHostMain.js:27:2123)
    at process.ne (/root/.vscode-server/bin/903b1e9d8990623e3d7da1df3d33db3e42d80eda/out/vs/platform/terminal/node/ptyHostMain.js:25:10072)
    at process.emit (node:events:514:28)
    at emit (node:internal/child_process:937:14)
    at process.processTicksAndRejections (node:internal/process/task_queues:83:21)
[02:53:26] Error [CodeExpectedError]: Could not find pty on pty host
    at A.U (/root/.vscode-server/bin/903b1e9d8990623e3d7da1df3d33db3e42d80eda/out/vs/platform/terminal/node/ptyHostMain.js:43:32407)
    at A.updateTitle (/root/.vscode-server/bin/903b1e9d8990623e3d7da1df3d33db3e42d80eda/out/vs/platform/terminal/node/ptyHostMain.js:43:27539)
    at U.<computed> (/root/.vscode-server/bin/903b1e9d8990623e3d7da1df3d33db3e42d80eda/out/vs/platform/terminal/node/ptyHostMain.js:43:22765)
    at Object.call (/root/.vscode-server/bin/903b1e9d8990623e3d7da1df3d33db3e42d80eda/out/vs/platform/terminal/node/ptyHostMain.js:34:5041)
    at $.s (/root/.vscode-server/bin/903b1e9d8990623e3d7da1df3d33db3e42d80eda/out/vs/platform/terminal/node/ptyHostMain.js:32:5153)
    at $.q (/root/.vscode-server/bin/903b1e9d8990623e3d7da1df3d33db3e42d80eda/out/vs/platform/terminal/node/ptyHostMain.js:32:4662)
    at a.value (/root/.vscode-server/bin/903b1e9d8990623e3d7da1df3d33db3e42d80eda/out/vs/platform/terminal/node/ptyHostMain.js:32:4064)
    at d.y (/root/.vscode-server/bin/903b1e9d8990623e3d7da1df3d33db3e42d80eda/out/vs/platform/terminal/node/ptyHostMain.js:27:1906)
    at d.fire (/root/.vscode-server/bin/903b1e9d8990623e3d7da1df3d33db3e42d80eda/out/vs/platform/terminal/node/ptyHostMain.js:27:2123)
    at process.ne (/root/.vscode-server/bin/903b1e9d8990623e3d7da1df3d33db3e42d80eda/out/vs/platform/terminal/node/ptyHostMain.js:25:10072)
    at process.emit (node:events:514:28)
    at emit (node:internal/child_process:937:14)
    at process.processTicksAndRejections (node:internal/process/task_queues:83:21)
rejected promise not handled within 1 second: CodeExpectedError: Could not find pty on pty host
stack trace: CodeExpectedError: Could not find pty on pty host
    at A.U (/root/.vscode-server/bin/903b1e9d8990623e3d7da1df3d33db3e42d80eda/out/vs/platform/terminal/node/ptyHostMain.js:43:32407)
    at A.updateTitle (/root/.vscode-server/bin/903b1e9d8990623e3d7da1df3d33db3e42d80eda/out/vs/platform/terminal/node/ptyHostMain.js:43:27539)
    at U.<computed> (/root/.vscode-server/bin/903b1e9d8990623e3d7da1df3d33db3e42d80eda/out/vs/platform/terminal/node/ptyHostMain.js:43:22765)
    at Object.call (/root/.vscode-server/bin/903b1e9d8990623e3d7da1df3d33db3e42d80eda/out/vs/platform/terminal/node/ptyHostMain.js:34:5041)
    at $.s (/root/.vscode-server/bin/903b1e9d8990623e3d7da1df3d33db3e42d80eda/out/vs/platform/terminal/node/ptyHostMain.js:32:5153)
    at $.q (/root/.vscode-server/bin/903b1e9d8990623e3d7da1df3d33db3e42d80eda/out/vs/platform/terminal/node/ptyHostMain.js:32:4662)
    at a.value (/root/.vscode-server/bin/903b1e9d8990623e3d7da1df3d33db3e42d80eda/out/vs/platform/terminal/node/ptyHostMain.js:32:4064)
    at d.y (/root/.vscode-server/bin/903b1e9d8990623e3d7da1df3d33db3e42d80eda/out/vs/platform/terminal/node/ptyHostMain.js:27:1906)
    at d.fire (/root/.vscode-server/bin/903b1e9d8990623e3d7da1df3d33db3e42d80eda/out/vs/platform/terminal/node/ptyHostMain.js:27:2123)
    at process.ne (/root/.vscode-server/bin/903b1e9d8990623e3d7da1df3d33db3e42d80eda/out/vs/platform/terminal/node/ptyHostMain.js:25:10072)
    at process.emit (node:events:514:28)
    at emit (node:internal/child_process:937:14)
    at process.processTicksAndRejections (node:internal/process/task_queues:83:21)
[02:53:27] Error [CodeExpectedError]: Could not find pty on pty host
    at A.U (/root/.vscode-server/bin/903b1e9d8990623e3d7da1df3d33db3e42d80eda/out/vs/platform/terminal/node/ptyHostMain.js:43:32407)
    at A.updateTitle (/root/.vscode-server/bin/903b1e9d8990623e3d7da1df3d33db3e42d80eda/out/vs/platform/terminal/node/ptyHostMain.js:43:27539)
    at U.<computed> (/root/.vscode-server/bin/903b1e9d8990623e3d7da1df3d33db3e42d80eda/out/vs/platform/terminal/node/ptyHostMain.js:43:22765)
    at Object.call (/root/.vscode-server/bin/903b1e9d8990623e3d7da1df3d33db3e42d80eda/out/vs/platform/terminal/node/ptyHostMain.js:34:5041)
    at $.s (/root/.vscode-server/bin/903b1e9d8990623e3d7da1df3d33db3e42d80eda/out/vs/platform/terminal/node/ptyHostMain.js:32:5153)
    at $.q (/root/.vscode-server/bin/903b1e9d8990623e3d7da1df3d33db3e42d80eda/out/vs/platform/terminal/node/ptyHostMain.js:32:4662)
    at a.value (/root/.vscode-server/bin/903b1e9d8990623e3d7da1df3d33db3e42d80eda/out/vs/platform/terminal/node/ptyHostMain.js:32:4064)
    at d.y (/root/.vscode-server/bin/903b1e9d8990623e3d7da1df3d33db3e42d80eda/out/vs/platform/terminal/node/ptyHostMain.js:27:1906)
    at d.fire (/root/.vscode-server/bin/903b1e9d8990623e3d7da1df3d33db3e42d80eda/out/vs/platform/terminal/node/ptyHostMain.js:27:2123)
    at process.ne (/root/.vscode-server/bin/903b1e9d8990623e3d7da1df3d33db3e42d80eda/out/vs/platform/terminal/node/ptyHostMain.js:25:10072)
    at process.emit (node:events:514:28)
    at emit (node:internal/child_process:937:14)
    at process.processTicksAndRejections (node:internal/process/task_queues:83:21)
[02:53:57] [127.0.0.1][5dccdd88][ExtensionHostConnection] The client has reconnected.
[03:31:44] [127.0.0.1][c3086e35][ManagementConnection] The client has reconnected.
rejected promise not handled within 1 second: CodeExpectedError: Could not find pty on pty host
stack trace: CodeExpectedError: Could not find pty on pty host
    at A.U (/root/.vscode-server/bin/903b1e9d8990623e3d7da1df3d33db3e42d80eda/out/vs/platform/terminal/node/ptyHostMain.js:43:32407)
    at A.updateIcon (/root/.vscode-server/bin/903b1e9d8990623e3d7da1df3d33db3e42d80eda/out/vs/platform/terminal/node/ptyHostMain.js:43:27592)
    at U.<computed> (/root/.vscode-server/bin/903b1e9d8990623e3d7da1df3d33db3e42d80eda/out/vs/platform/terminal/node/ptyHostMain.js:43:22765)
    at Object.call (/root/.vscode-server/bin/903b1e9d8990623e3d7da1df3d33db3e42d80eda/out/vs/platform/terminal/node/ptyHostMain.js:34:5041)
    at $.s (/root/.vscode-server/bin/903b1e9d8990623e3d7da1df3d33db3e42d80eda/out/vs/platform/terminal/node/ptyHostMain.js:32:5153)
    at $.q (/root/.vscode-server/bin/903b1e9d8990623e3d7da1df3d33db3e42d80eda/out/vs/platform/terminal/node/ptyHostMain.js:32:4662)
    at a.value (/root/.vscode-server/bin/903b1e9d8990623e3d7da1df3d33db3e42d80eda/out/vs/platform/terminal/node/ptyHostMain.js:32:4064)
    at d.y (/root/.vscode-server/bin/903b1e9d8990623e3d7da1df3d33db3e42d80eda/out/vs/platform/terminal/node/ptyHostMain.js:27:1906)
    at d.fire (/root/.vscode-server/bin/903b1e9d8990623e3d7da1df3d33db3e42d80eda/out/vs/platform/terminal/node/ptyHostMain.js:27:2123)
    at process.ne (/root/.vscode-server/bin/903b1e9d8990623e3d7da1df3d33db3e42d80eda/out/vs/platform/terminal/node/ptyHostMain.js:25:10072)
    at process.emit (node:events:514:28)
    at emit (node:internal/child_process:937:14)
    at process.processTicksAndRejections (node:internal/process/task_queues:83:21)
[03:31:45] Error [CodeExpectedError]: Could not find pty on pty host
    at A.U (/root/.vscode-server/bin/903b1e9d8990623e3d7da1df3d33db3e42d80eda/out/vs/platform/terminal/node/ptyHostMain.js:43:32407)
    at A.updateIcon (/root/.vscode-server/bin/903b1e9d8990623e3d7da1df3d33db3e42d80eda/out/vs/platform/terminal/node/ptyHostMain.js:43:27592)
    at U.<computed> (/root/.vscode-server/bin/903b1e9d8990623e3d7da1df3d33db3e42d80eda/out/vs/platform/terminal/node/ptyHostMain.js:43:22765)
    at Object.call (/root/.vscode-server/bin/903b1e9d8990623e3d7da1df3d33db3e42d80eda/out/vs/platform/terminal/node/ptyHostMain.js:34:5041)
    at $.s (/root/.vscode-server/bin/903b1e9d8990623e3d7da1df3d33db3e42d80eda/out/vs/platform/terminal/node/ptyHostMain.js:32:5153)
    at $.q (/root/.vscode-server/bin/903b1e9d8990623e3d7da1df3d33db3e42d80eda/out/vs/platform/terminal/node/ptyHostMain.js:32:4662)
    at a.value (/root/.vscode-server/bin/903b1e9d8990623e3d7da1df3d33db3e42d80eda/out/vs/platform/terminal/node/ptyHostMain.js:32:4064)
    at d.y (/root/.vscode-server/bin/903b1e9d8990623e3d7da1df3d33db3e42d80eda/out/vs/platform/terminal/node/ptyHostMain.js:27:1906)
    at d.fire (/root/.vscode-server/bin/903b1e9d8990623e3d7da1df3d33db3e42d80eda/out/vs/platform/terminal/node/ptyHostMain.js:27:2123)
    at process.ne (/root/.vscode-server/bin/903b1e9d8990623e3d7da1df3d33db3e42d80eda/out/vs/platform/terminal/node/ptyHostMain.js:25:10072)
    at process.emit (node:events:514:28)
    at emit (node:internal/child_process:937:14)
    at process.processTicksAndRejections (node:internal/process/task_queues:83:21)
rejected promise not handled within 1 second: CodeExpectedError: Could not find pty on pty host
stack trace: CodeExpectedError: Could not find pty on pty host
    at A.U (/root/.vscode-server/bin/903b1e9d8990623e3d7da1df3d33db3e42d80eda/out/vs/platform/terminal/node/ptyHostMain.js:43:32407)
    at A.updateTitle (/root/.vscode-server/bin/903b1e9d8990623e3d7da1df3d33db3e42d80eda/out/vs/platform/terminal/node/ptyHostMain.js:43:27539)
    at U.<computed> (/root/.vscode-server/bin/903b1e9d8990623e3d7da1df3d33db3e42d80eda/out/vs/platform/terminal/node/ptyHostMain.js:43:22765)
    at Object.call (/root/.vscode-server/bin/903b1e9d8990623e3d7da1df3d33db3e42d80eda/out/vs/platform/terminal/node/ptyHostMain.js:34:5041)
    at $.s (/root/.vscode-server/bin/903b1e9d8990623e3d7da1df3d33db3e42d80eda/out/vs/platform/terminal/node/ptyHostMain.js:32:5153)
    at $.q (/root/.vscode-server/bin/903b1e9d8990623e3d7da1df3d33db3e42d80eda/out/vs/platform/terminal/node/ptyHostMain.js:32:4662)
    at a.value (/root/.vscode-server/bin/903b1e9d8990623e3d7da1df3d33db3e42d80eda/out/vs/platform/terminal/node/ptyHostMain.js:32:4064)
    at d.y (/root/.vscode-server/bin/903b1e9d8990623e3d7da1df3d33db3e42d80eda/out/vs/platform/terminal/node/ptyHostMain.js:27:1906)
    at d.fire (/root/.vscode-server/bin/903b1e9d8990623e3d7da1df3d33db3e42d80eda/out/vs/platform/terminal/node/ptyHostMain.js:27:2123)
    at process.ne (/root/.vscode-server/bin/903b1e9d8990623e3d7da1df3d33db3e42d80eda/out/vs/platform/terminal/node/ptyHostMain.js:25:10072)
    at process.emit (node:events:514:28)
    at emit (node:internal/child_process:937:14)
    at process.processTicksAndRejections (node:internal/process/task_queues:83:21)
[03:31:45] Error [CodeExpectedError]: Could not find pty on pty host
    at A.U (/root/.vscode-server/bin/903b1e9d8990623e3d7da1df3d33db3e42d80eda/out/vs/platform/terminal/node/ptyHostMain.js:43:32407)
    at A.updateTitle (/root/.vscode-server/bin/903b1e9d8990623e3d7da1df3d33db3e42d80eda/out/vs/platform/terminal/node/ptyHostMain.js:43:27539)
    at U.<computed> (/root/.vscode-server/bin/903b1e9d8990623e3d7da1df3d33db3e42d80eda/out/vs/platform/terminal/node/ptyHostMain.js:43:22765)
    at Object.call (/root/.vscode-server/bin/903b1e9d8990623e3d7da1df3d33db3e42d80eda/out/vs/platform/terminal/node/ptyHostMain.js:34:5041)
    at $.s (/root/.vscode-server/bin/903b1e9d8990623e3d7da1df3d33db3e42d80eda/out/vs/platform/terminal/node/ptyHostMain.js:32:5153)
    at $.q (/root/.vscode-server/bin/903b1e9d8990623e3d7da1df3d33db3e42d80eda/out/vs/platform/terminal/node/ptyHostMain.js:32:4662)
    at a.value (/root/.vscode-server/bin/903b1e9d8990623e3d7da1df3d33db3e42d80eda/out/vs/platform/terminal/node/ptyHostMain.js:32:4064)
    at d.y (/root/.vscode-server/bin/903b1e9d8990623e3d7da1df3d33db3e42d80eda/out/vs/platform/terminal/node/ptyHostMain.js:27:1906)
    at d.fire (/root/.vscode-server/bin/903b1e9d8990623e3d7da1df3d33db3e42d80eda/out/vs/platform/terminal/node/ptyHostMain.js:27:2123)
    at process.ne (/root/.vscode-server/bin/903b1e9d8990623e3d7da1df3d33db3e42d80eda/out/vs/platform/terminal/node/ptyHostMain.js:25:10072)
    at process.emit (node:events:514:28)
    at emit (node:internal/child_process:937:14)
    at process.processTicksAndRejections (node:internal/process/task_queues:83:21)
rejected promise not handled within 1 second: CodeExpectedError: Could not find pty on pty host
stack trace: CodeExpectedError: Could not find pty on pty host
    at A.U (/root/.vscode-server/bin/903b1e9d8990623e3d7da1df3d33db3e42d80eda/out/vs/platform/terminal/node/ptyHostMain.js:43:32407)
    at A.updateTitle (/root/.vscode-server/bin/903b1e9d8990623e3d7da1df3d33db3e42d80eda/out/vs/platform/terminal/node/ptyHostMain.js:43:27539)
    at U.<computed> (/root/.vscode-server/bin/903b1e9d8990623e3d7da1df3d33db3e42d80eda/out/vs/platform/terminal/node/ptyHostMain.js:43:22765)
    at Object.call (/root/.vscode-server/bin/903b1e9d8990623e3d7da1df3d33db3e42d80eda/out/vs/platform/terminal/node/ptyHostMain.js:34:5041)
    at $.s (/root/.vscode-server/bin/903b1e9d8990623e3d7da1df3d33db3e42d80eda/out/vs/platform/terminal/node/ptyHostMain.js:32:5153)
    at $.q (/root/.vscode-server/bin/903b1e9d8990623e3d7da1df3d33db3e42d80eda/out/vs/platform/terminal/node/ptyHostMain.js:32:4662)
    at a.value (/root/.vscode-server/bin/903b1e9d8990623e3d7da1df3d33db3e42d80eda/out/vs/platform/terminal/node/ptyHostMain.js:32:4064)
    at d.y (/root/.vscode-server/bin/903b1e9d8990623e3d7da1df3d33db3e42d80eda/out/vs/platform/terminal/node/ptyHostMain.js:27:1906)
    at d.fire (/root/.vscode-server/bin/903b1e9d8990623e3d7da1df3d33db3e42d80eda/out/vs/platform/terminal/node/ptyHostMain.js:27:2123)
    at process.ne (/root/.vscode-server/bin/903b1e9d8990623e3d7da1df3d33db3e42d80eda/out/vs/platform/terminal/node/ptyHostMain.js:25:10072)
    at process.emit (node:events:514:28)
    at emit (node:internal/child_process:937:14)
    at process.processTicksAndRejections (node:internal/process/task_queues:83:21)
[03:31:45] Error [CodeExpectedError]: Could not find pty on pty host
    at A.U (/root/.vscode-server/bin/903b1e9d8990623e3d7da1df3d33db3e42d80eda/out/vs/platform/terminal/node/ptyHostMain.js:43:32407)
    at A.updateTitle (/root/.vscode-server/bin/903b1e9d8990623e3d7da1df3d33db3e42d80eda/out/vs/platform/terminal/node/ptyHostMain.js:43:27539)
    at U.<computed> (/root/.vscode-server/bin/903b1e9d8990623e3d7da1df3d33db3e42d80eda/out/vs/platform/terminal/node/ptyHostMain.js:43:22765)
    at Object.call (/root/.vscode-server/bin/903b1e9d8990623e3d7da1df3d33db3e42d80eda/out/vs/platform/terminal/node/ptyHostMain.js:34:5041)
    at $.s (/root/.vscode-server/bin/903b1e9d8990623e3d7da1df3d33db3e42d80eda/out/vs/platform/terminal/node/ptyHostMain.js:32:5153)
    at $.q (/root/.vscode-server/bin/903b1e9d8990623e3d7da1df3d33db3e42d80eda/out/vs/platform/terminal/node/ptyHostMain.js:32:4662)
    at a.value (/root/.vscode-server/bin/903b1e9d8990623e3d7da1df3d33db3e42d80eda/out/vs/platform/terminal/node/ptyHostMain.js:32:4064)
    at d.y (/root/.vscode-server/bin/903b1e9d8990623e3d7da1df3d33db3e42d80eda/out/vs/platform/terminal/node/ptyHostMain.js:27:1906)
    at d.fire (/root/.vscode-server/bin/903b1e9d8990623e3d7da1df3d33db3e42d80eda/out/vs/platform/terminal/node/ptyHostMain.js:27:2123)
    at process.ne (/root/.vscode-server/bin/903b1e9d8990623e3d7da1df3d33db3e42d80eda/out/vs/platform/terminal/node/ptyHostMain.js:25:10072)
    at process.emit (node:events:514:28)
    at emit (node:internal/child_process:937:14)
    at process.processTicksAndRejections (node:internal/process/task_queues:83:21)
rejected promise not handled within 1 second: CodeExpectedError: Could not find pty on pty host
stack trace: CodeExpectedError: Could not find pty on pty host
    at A.U (/root/.vscode-server/bin/903b1e9d8990623e3d7da1df3d33db3e42d80eda/out/vs/platform/terminal/node/ptyHostMain.js:43:32407)
    at A.updateTitle (/root/.vscode-server/bin/903b1e9d8990623e3d7da1df3d33db3e42d80eda/out/vs/platform/terminal/node/ptyHostMain.js:43:27539)
    at U.<computed> (/root/.vscode-server/bin/903b1e9d8990623e3d7da1df3d33db3e42d80eda/out/vs/platform/terminal/node/ptyHostMain.js:43:22765)
    at Object.call (/root/.vscode-server/bin/903b1e9d8990623e3d7da1df3d33db3e42d80eda/out/vs/platform/terminal/node/ptyHostMain.js:34:5041)
    at $.s (/root/.vscode-server/bin/903b1e9d8990623e3d7da1df3d33db3e42d80eda/out/vs/platform/terminal/node/ptyHostMain.js:32:5153)
    at $.q (/root/.vscode-server/bin/903b1e9d8990623e3d7da1df3d33db3e42d80eda/out/vs/platform/terminal/node/ptyHostMain.js:32:4662)
    at a.value (/root/.vscode-server/bin/903b1e9d8990623e3d7da1df3d33db3e42d80eda/out/vs/platform/terminal/node/ptyHostMain.js:32:4064)
    at d.y (/root/.vscode-server/bin/903b1e9d8990623e3d7da1df3d33db3e42d80eda/out/vs/platform/terminal/node/ptyHostMain.js:27:1906)
    at d.fire (/root/.vscode-server/bin/903b1e9d8990623e3d7da1df3d33db3e42d80eda/out/vs/platform/terminal/node/ptyHostMain.js:27:2123)
    at process.ne (/root/.vscode-server/bin/903b1e9d8990623e3d7da1df3d33db3e42d80eda/out/vs/platform/terminal/node/ptyHostMain.js:25:10072)
    at process.emit (node:events:514:28)
    at emit (node:internal/child_process:937:14)
    at process.processTicksAndRejections (node:internal/process/task_queues:83:21)
[03:31:46] Error [CodeExpectedError]: Could not find pty on pty host
    at A.U (/root/.vscode-server/bin/903b1e9d8990623e3d7da1df3d33db3e42d80eda/out/vs/platform/terminal/node/ptyHostMain.js:43:32407)
    at A.updateTitle (/root/.vscode-server/bin/903b1e9d8990623e3d7da1df3d33db3e42d80eda/out/vs/platform/terminal/node/ptyHostMain.js:43:27539)
    at U.<computed> (/root/.vscode-server/bin/903b1e9d8990623e3d7da1df3d33db3e42d80eda/out/vs/platform/terminal/node/ptyHostMain.js:43:22765)
    at Object.call (/root/.vscode-server/bin/903b1e9d8990623e3d7da1df3d33db3e42d80eda/out/vs/platform/terminal/node/ptyHostMain.js:34:5041)
    at $.s (/root/.vscode-server/bin/903b1e9d8990623e3d7da1df3d33db3e42d80eda/out/vs/platform/terminal/node/ptyHostMain.js:32:5153)
    at $.q (/root/.vscode-server/bin/903b1e9d8990623e3d7da1df3d33db3e42d80eda/out/vs/platform/terminal/node/ptyHostMain.js:32:4662)
    at a.value (/root/.vscode-server/bin/903b1e9d8990623e3d7da1df3d33db3e42d80eda/out/vs/platform/terminal/node/ptyHostMain.js:32:4064)
    at d.y (/root/.vscode-server/bin/903b1e9d8990623e3d7da1df3d33db3e42d80eda/out/vs/platform/terminal/node/ptyHostMain.js:27:1906)
    at d.fire (/root/.vscode-server/bin/903b1e9d8990623e3d7da1df3d33db3e42d80eda/out/vs/platform/terminal/node/ptyHostMain.js:27:2123)
    at process.ne (/root/.vscode-server/bin/903b1e9d8990623e3d7da1df3d33db3e42d80eda/out/vs/platform/terminal/node/ptyHostMain.js:25:10072)
    at process.emit (node:events:514:28)
    at emit (node:internal/child_process:937:14)
    at process.processTicksAndRejections (node:internal/process/task_queues:83:21)
[03:32:08] [127.0.0.1][5dccdd88][ExtensionHostConnection] The client has reconnected.
[04:27:23] [127.0.0.1][c3086e35][ManagementConnection] The client has reconnected.
[04:27:23] [127.0.0.1][5dccdd88][ExtensionHostConnection] The client has reconnected.
rejected promise not handled within 1 second: CodeExpectedError: Could not find pty on pty host
stack trace: CodeExpectedError: Could not find pty on pty host
    at A.U (/root/.vscode-server/bin/903b1e9d8990623e3d7da1df3d33db3e42d80eda/out/vs/platform/terminal/node/ptyHostMain.js:43:32407)
    at A.updateIcon (/root/.vscode-server/bin/903b1e9d8990623e3d7da1df3d33db3e42d80eda/out/vs/platform/terminal/node/ptyHostMain.js:43:27592)
    at U.<computed> (/root/.vscode-server/bin/903b1e9d8990623e3d7da1df3d33db3e42d80eda/out/vs/platform/terminal/node/ptyHostMain.js:43:22765)
    at Object.call (/root/.vscode-server/bin/903b1e9d8990623e3d7da1df3d33db3e42d80eda/out/vs/platform/terminal/node/ptyHostMain.js:34:5041)
    at $.s (/root/.vscode-server/bin/903b1e9d8990623e3d7da1df3d33db3e42d80eda/out/vs/platform/terminal/node/ptyHostMain.js:32:5153)
    at $.q (/root/.vscode-server/bin/903b1e9d8990623e3d7da1df3d33db3e42d80eda/out/vs/platform/terminal/node/ptyHostMain.js:32:4662)
    at a.value (/root/.vscode-server/bin/903b1e9d8990623e3d7da1df3d33db3e42d80eda/out/vs/platform/terminal/node/ptyHostMain.js:32:4064)
    at d.y (/root/.vscode-server/bin/903b1e9d8990623e3d7da1df3d33db3e42d80eda/out/vs/platform/terminal/node/ptyHostMain.js:27:1906)
    at d.fire (/root/.vscode-server/bin/903b1e9d8990623e3d7da1df3d33db3e42d80eda/out/vs/platform/terminal/node/ptyHostMain.js:27:2123)
    at process.ne (/root/.vscode-server/bin/903b1e9d8990623e3d7da1df3d33db3e42d80eda/out/vs/platform/terminal/node/ptyHostMain.js:25:10072)
    at process.emit (node:events:514:28)
    at emit (node:internal/child_process:937:14)
    at process.processTicksAndRejections (node:internal/process/task_queues:83:21)
[04:27:24] Error [CodeExpectedError]: Could not find pty on pty host
    at A.U (/root/.vscode-server/bin/903b1e9d8990623e3d7da1df3d33db3e42d80eda/out/vs/platform/terminal/node/ptyHostMain.js:43:32407)
    at A.updateIcon (/root/.vscode-server/bin/903b1e9d8990623e3d7da1df3d33db3e42d80eda/out/vs/platform/terminal/node/ptyHostMain.js:43:27592)
    at U.<computed> (/root/.vscode-server/bin/903b1e9d8990623e3d7da1df3d33db3e42d80eda/out/vs/platform/terminal/node/ptyHostMain.js:43:22765)
    at Object.call (/root/.vscode-server/bin/903b1e9d8990623e3d7da1df3d33db3e42d80eda/out/vs/platform/terminal/node/ptyHostMain.js:34:5041)
    at $.s (/root/.vscode-server/bin/903b1e9d8990623e3d7da1df3d33db3e42d80eda/out/vs/platform/terminal/node/ptyHostMain.js:32:5153)
    at $.q (/root/.vscode-server/bin/903b1e9d8990623e3d7da1df3d33db3e42d80eda/out/vs/platform/terminal/node/ptyHostMain.js:32:4662)
    at a.value (/root/.vscode-server/bin/903b1e9d8990623e3d7da1df3d33db3e42d80eda/out/vs/platform/terminal/node/ptyHostMain.js:32:4064)
    at d.y (/root/.vscode-server/bin/903b1e9d8990623e3d7da1df3d33db3e42d80eda/out/vs/platform/terminal/node/ptyHostMain.js:27:1906)
    at d.fire (/root/.vscode-server/bin/903b1e9d8990623e3d7da1df3d33db3e42d80eda/out/vs/platform/terminal/node/ptyHostMain.js:27:2123)
    at process.ne (/root/.vscode-server/bin/903b1e9d8990623e3d7da1df3d33db3e42d80eda/out/vs/platform/terminal/node/ptyHostMain.js:25:10072)
    at process.emit (node:events:514:28)
    at emit (node:internal/child_process:937:14)
    at process.processTicksAndRejections (node:internal/process/task_queues:83:21)
rejected promise not handled within 1 second: CodeExpectedError: Could not find pty on pty host
stack trace: CodeExpectedError: Could not find pty on pty host
    at A.U (/root/.vscode-server/bin/903b1e9d8990623e3d7da1df3d33db3e42d80eda/out/vs/platform/terminal/node/ptyHostMain.js:43:32407)
    at A.updateTitle (/root/.vscode-server/bin/903b1e9d8990623e3d7da1df3d33db3e42d80eda/out/vs/platform/terminal/node/ptyHostMain.js:43:27539)
    at U.<computed> (/root/.vscode-server/bin/903b1e9d8990623e3d7da1df3d33db3e42d80eda/out/vs/platform/terminal/node/ptyHostMain.js:43:22765)
    at Object.call (/root/.vscode-server/bin/903b1e9d8990623e3d7da1df3d33db3e42d80eda/out/vs/platform/terminal/node/ptyHostMain.js:34:5041)
    at $.s (/root/.vscode-server/bin/903b1e9d8990623e3d7da1df3d33db3e42d80eda/out/vs/platform/terminal/node/ptyHostMain.js:32:5153)
    at $.q (/root/.vscode-server/bin/903b1e9d8990623e3d7da1df3d33db3e42d80eda/out/vs/platform/terminal/node/ptyHostMain.js:32:4662)
    at a.value (/root/.vscode-server/bin/903b1e9d8990623e3d7da1df3d33db3e42d80eda/out/vs/platform/terminal/node/ptyHostMain.js:32:4064)
    at d.y (/root/.vscode-server/bin/903b1e9d8990623e3d7da1df3d33db3e42d80eda/out/vs/platform/terminal/node/ptyHostMain.js:27:1906)
    at d.fire (/root/.vscode-server/bin/903b1e9d8990623e3d7da1df3d33db3e42d80eda/out/vs/platform/terminal/node/ptyHostMain.js:27:2123)
    at process.ne (/root/.vscode-server/bin/903b1e9d8990623e3d7da1df3d33db3e42d80eda/out/vs/platform/terminal/node/ptyHostMain.js:25:10072)
    at process.emit (node:events:514:28)
    at emit (node:internal/child_process:937:14)
    at process.processTicksAndRejections (node:internal/process/task_queues:83:21)
[04:27:24] Error [CodeExpectedError]: Could not find pty on pty host
    at A.U (/root/.vscode-server/bin/903b1e9d8990623e3d7da1df3d33db3e42d80eda/out/vs/platform/terminal/node/ptyHostMain.js:43:32407)
    at A.updateTitle (/root/.vscode-server/bin/903b1e9d8990623e3d7da1df3d33db3e42d80eda/out/vs/platform/terminal/node/ptyHostMain.js:43:27539)
    at U.<computed> (/root/.vscode-server/bin/903b1e9d8990623e3d7da1df3d33db3e42d80eda/out/vs/platform/terminal/node/ptyHostMain.js:43:22765)
    at Object.call (/root/.vscode-server/bin/903b1e9d8990623e3d7da1df3d33db3e42d80eda/out/vs/platform/terminal/node/ptyHostMain.js:34:5041)
    at $.s (/root/.vscode-server/bin/903b1e9d8990623e3d7da1df3d33db3e42d80eda/out/vs/platform/terminal/node/ptyHostMain.js:32:5153)
    at $.q (/root/.vscode-server/bin/903b1e9d8990623e3d7da1df3d33db3e42d80eda/out/vs/platform/terminal/node/ptyHostMain.js:32:4662)
    at a.value (/root/.vscode-server/bin/903b1e9d8990623e3d7da1df3d33db3e42d80eda/out/vs/platform/terminal/node/ptyHostMain.js:32:4064)
    at d.y (/root/.vscode-server/bin/903b1e9d8990623e3d7da1df3d33db3e42d80eda/out/vs/platform/terminal/node/ptyHostMain.js:27:1906)
    at d.fire (/root/.vscode-server/bin/903b1e9d8990623e3d7da1df3d33db3e42d80eda/out/vs/platform/terminal/node/ptyHostMain.js:27:2123)
    at process.ne (/root/.vscode-server/bin/903b1e9d8990623e3d7da1df3d33db3e42d80eda/out/vs/platform/terminal/node/ptyHostMain.js:25:10072)
    at process.emit (node:events:514:28)
    at emit (node:internal/child_process:937:14)
    at process.processTicksAndRejections (node:internal/process/task_queues:83:21)
rejected promise not handled within 1 second: CodeExpectedError: Could not find pty on pty host
stack trace: CodeExpectedError: Could not find pty on pty host
    at A.U (/root/.vscode-server/bin/903b1e9d8990623e3d7da1df3d33db3e42d80eda/out/vs/platform/terminal/node/ptyHostMain.js:43:32407)
    at A.updateTitle (/root/.vscode-server/bin/903b1e9d8990623e3d7da1df3d33db3e42d80eda/out/vs/platform/terminal/node/ptyHostMain.js:43:27539)
    at U.<computed> (/root/.vscode-server/bin/903b1e9d8990623e3d7da1df3d33db3e42d80eda/out/vs/platform/terminal/node/ptyHostMain.js:43:22765)
    at Object.call (/root/.vscode-server/bin/903b1e9d8990623e3d7da1df3d33db3e42d80eda/out/vs/platform/terminal/node/ptyHostMain.js:34:5041)
    at $.s (/root/.vscode-server/bin/903b1e9d8990623e3d7da1df3d33db3e42d80eda/out/vs/platform/terminal/node/ptyHostMain.js:32:5153)
    at $.q (/root/.vscode-server/bin/903b1e9d8990623e3d7da1df3d33db3e42d80eda/out/vs/platform/terminal/node/ptyHostMain.js:32:4662)
    at a.value (/root/.vscode-server/bin/903b1e9d8990623e3d7da1df3d33db3e42d80eda/out/vs/platform/terminal/node/ptyHostMain.js:32:4064)
    at d.y (/root/.vscode-server/bin/903b1e9d8990623e3d7da1df3d33db3e42d80eda/out/vs/platform/terminal/node/ptyHostMain.js:27:1906)
    at d.fire (/root/.vscode-server/bin/903b1e9d8990623e3d7da1df3d33db3e42d80eda/out/vs/platform/terminal/node/ptyHostMain.js:27:2123)
    at process.ne (/root/.vscode-server/bin/903b1e9d8990623e3d7da1df3d33db3e42d80eda/out/vs/platform/terminal/node/ptyHostMain.js:25:10072)
    at process.emit (node:events:514:28)
    at emit (node:internal/child_process:937:14)
    at process.processTicksAndRejections (node:internal/process/task_queues:83:21)
[04:27:24] Error [CodeExpectedError]: Could not find pty on pty host
    at A.U (/root/.vscode-server/bin/903b1e9d8990623e3d7da1df3d33db3e42d80eda/out/vs/platform/terminal/node/ptyHostMain.js:43:32407)
    at A.updateTitle (/root/.vscode-server/bin/903b1e9d8990623e3d7da1df3d33db3e42d80eda/out/vs/platform/terminal/node/ptyHostMain.js:43:27539)
    at U.<computed> (/root/.vscode-server/bin/903b1e9d8990623e3d7da1df3d33db3e42d80eda/out/vs/platform/terminal/node/ptyHostMain.js:43:22765)
    at Object.call (/root/.vscode-server/bin/903b1e9d8990623e3d7da1df3d33db3e42d80eda/out/vs/platform/terminal/node/ptyHostMain.js:34:5041)
    at $.s (/root/.vscode-server/bin/903b1e9d8990623e3d7da1df3d33db3e42d80eda/out/vs/platform/terminal/node/ptyHostMain.js:32:5153)
    at $.q (/root/.vscode-server/bin/903b1e9d8990623e3d7da1df3d33db3e42d80eda/out/vs/platform/terminal/node/ptyHostMain.js:32:4662)
    at a.value (/root/.vscode-server/bin/903b1e9d8990623e3d7da1df3d33db3e42d80eda/out/vs/platform/terminal/node/ptyHostMain.js:32:4064)
    at d.y (/root/.vscode-server/bin/903b1e9d8990623e3d7da1df3d33db3e42d80eda/out/vs/platform/terminal/node/ptyHostMain.js:27:1906)
    at d.fire (/root/.vscode-server/bin/903b1e9d8990623e3d7da1df3d33db3e42d80eda/out/vs/platform/terminal/node/ptyHostMain.js:27:2123)
    at process.ne (/root/.vscode-server/bin/903b1e9d8990623e3d7da1df3d33db3e42d80eda/out/vs/platform/terminal/node/ptyHostMain.js:25:10072)
    at process.emit (node:events:514:28)
    at emit (node:internal/child_process:937:14)
    at process.processTicksAndRejections (node:internal/process/task_queues:83:21)
[04:53:23] [127.0.0.1][c3086e35][ManagementConnection] The client has reconnected.
[04:53:23] [127.0.0.1][5dccdd88][ExtensionHostConnection] The client has reconnected.
[05:09:27] [127.0.0.1][c3086e35][ManagementConnection] The client has reconnected.
rejected promise not handled within 1 second: CodeExpectedError: Could not find pty on pty host
stack trace: CodeExpectedError: Could not find pty on pty host
    at A.U (/root/.vscode-server/bin/903b1e9d8990623e3d7da1df3d33db3e42d80eda/out/vs/platform/terminal/node/ptyHostMain.js:43:32407)
    at A.updateIcon (/root/.vscode-server/bin/903b1e9d8990623e3d7da1df3d33db3e42d80eda/out/vs/platform/terminal/node/ptyHostMain.js:43:27592)
    at U.<computed> (/root/.vscode-server/bin/903b1e9d8990623e3d7da1df3d33db3e42d80eda/out/vs/platform/terminal/node/ptyHostMain.js:43:22765)
    at Object.call (/root/.vscode-server/bin/903b1e9d8990623e3d7da1df3d33db3e42d80eda/out/vs/platform/terminal/node/ptyHostMain.js:34:5041)
    at $.s (/root/.vscode-server/bin/903b1e9d8990623e3d7da1df3d33db3e42d80eda/out/vs/platform/terminal/node/ptyHostMain.js:32:5153)
    at $.q (/root/.vscode-server/bin/903b1e9d8990623e3d7da1df3d33db3e42d80eda/out/vs/platform/terminal/node/ptyHostMain.js:32:4662)
    at a.value (/root/.vscode-server/bin/903b1e9d8990623e3d7da1df3d33db3e42d80eda/out/vs/platform/terminal/node/ptyHostMain.js:32:4064)
    at d.y (/root/.vscode-server/bin/903b1e9d8990623e3d7da1df3d33db3e42d80eda/out/vs/platform/terminal/node/ptyHostMain.js:27:1906)
    at d.fire (/root/.vscode-server/bin/903b1e9d8990623e3d7da1df3d33db3e42d80eda/out/vs/platform/terminal/node/ptyHostMain.js:27:2123)
    at process.ne (/root/.vscode-server/bin/903b1e9d8990623e3d7da1df3d33db3e42d80eda/out/vs/platform/terminal/node/ptyHostMain.js:25:10072)
    at process.emit (node:events:514:28)
    at emit (node:internal/child_process:937:14)
    at process.processTicksAndRejections (node:internal/process/task_queues:83:21)
[05:09:29] Error [CodeExpectedError]: Could not find pty on pty host
    at A.U (/root/.vscode-server/bin/903b1e9d8990623e3d7da1df3d33db3e42d80eda/out/vs/platform/terminal/node/ptyHostMain.js:43:32407)
    at A.updateIcon (/root/.vscode-server/bin/903b1e9d8990623e3d7da1df3d33db3e42d80eda/out/vs/platform/terminal/node/ptyHostMain.js:43:27592)
    at U.<computed> (/root/.vscode-server/bin/903b1e9d8990623e3d7da1df3d33db3e42d80eda/out/vs/platform/terminal/node/ptyHostMain.js:43:22765)
    at Object.call (/root/.vscode-server/bin/903b1e9d8990623e3d7da1df3d33db3e42d80eda/out/vs/platform/terminal/node/ptyHostMain.js:34:5041)
    at $.s (/root/.vscode-server/bin/903b1e9d8990623e3d7da1df3d33db3e42d80eda/out/vs/platform/terminal/node/ptyHostMain.js:32:5153)
    at $.q (/root/.vscode-server/bin/903b1e9d8990623e3d7da1df3d33db3e42d80eda/out/vs/platform/terminal/node/ptyHostMain.js:32:4662)
    at a.value (/root/.vscode-server/bin/903b1e9d8990623e3d7da1df3d33db3e42d80eda/out/vs/platform/terminal/node/ptyHostMain.js:32:4064)
    at d.y (/root/.vscode-server/bin/903b1e9d8990623e3d7da1df3d33db3e42d80eda/out/vs/platform/terminal/node/ptyHostMain.js:27:1906)
    at d.fire (/root/.vscode-server/bin/903b1e9d8990623e3d7da1df3d33db3e42d80eda/out/vs/platform/terminal/node/ptyHostMain.js:27:2123)
    at process.ne (/root/.vscode-server/bin/903b1e9d8990623e3d7da1df3d33db3e42d80eda/out/vs/platform/terminal/node/ptyHostMain.js:25:10072)
    at process.emit (node:events:514:28)
    at emit (node:internal/child_process:937:14)
    at process.processTicksAndRejections (node:internal/process/task_queues:83:21)
rejected promise not handled within 1 second: CodeExpectedError: Could not find pty on pty host
stack trace: CodeExpectedError: Could not find pty on pty host
    at A.U (/root/.vscode-server/bin/903b1e9d8990623e3d7da1df3d33db3e42d80eda/out/vs/platform/terminal/node/ptyHostMain.js:43:32407)
    at A.updateTitle (/root/.vscode-server/bin/903b1e9d8990623e3d7da1df3d33db3e42d80eda/out/vs/platform/terminal/node/ptyHostMain.js:43:27539)
    at U.<computed> (/root/.vscode-server/bin/903b1e9d8990623e3d7da1df3d33db3e42d80eda/out/vs/platform/terminal/node/ptyHostMain.js:43:22765)
    at Object.call (/root/.vscode-server/bin/903b1e9d8990623e3d7da1df3d33db3e42d80eda/out/vs/platform/terminal/node/ptyHostMain.js:34:5041)
    at $.s (/root/.vscode-server/bin/903b1e9d8990623e3d7da1df3d33db3e42d80eda/out/vs/platform/terminal/node/ptyHostMain.js:32:5153)
    at $.q (/root/.vscode-server/bin/903b1e9d8990623e3d7da1df3d33db3e42d80eda/out/vs/platform/terminal/node/ptyHostMain.js:32:4662)
    at a.value (/root/.vscode-server/bin/903b1e9d8990623e3d7da1df3d33db3e42d80eda/out/vs/platform/terminal/node/ptyHostMain.js:32:4064)
    at d.y (/root/.vscode-server/bin/903b1e9d8990623e3d7da1df3d33db3e42d80eda/out/vs/platform/terminal/node/ptyHostMain.js:27:1906)
    at d.fire (/root/.vscode-server/bin/903b1e9d8990623e3d7da1df3d33db3e42d80eda/out/vs/platform/terminal/node/ptyHostMain.js:27:2123)
    at process.ne (/root/.vscode-server/bin/903b1e9d8990623e3d7da1df3d33db3e42d80eda/out/vs/platform/terminal/node/ptyHostMain.js:25:10072)
    at process.emit (node:events:514:28)
    at emit (node:internal/child_process:937:14)
    at process.processTicksAndRejections (node:internal/process/task_queues:83:21)
[05:09:29] Error [CodeExpectedError]: Could not find pty on pty host
    at A.U (/root/.vscode-server/bin/903b1e9d8990623e3d7da1df3d33db3e42d80eda/out/vs/platform/terminal/node/ptyHostMain.js:43:32407)
    at A.updateTitle (/root/.vscode-server/bin/903b1e9d8990623e3d7da1df3d33db3e42d80eda/out/vs/platform/terminal/node/ptyHostMain.js:43:27539)
    at U.<computed> (/root/.vscode-server/bin/903b1e9d8990623e3d7da1df3d33db3e42d80eda/out/vs/platform/terminal/node/ptyHostMain.js:43:22765)
    at Object.call (/root/.vscode-server/bin/903b1e9d8990623e3d7da1df3d33db3e42d80eda/out/vs/platform/terminal/node/ptyHostMain.js:34:5041)
    at $.s (/root/.vscode-server/bin/903b1e9d8990623e3d7da1df3d33db3e42d80eda/out/vs/platform/terminal/node/ptyHostMain.js:32:5153)
    at $.q (/root/.vscode-server/bin/903b1e9d8990623e3d7da1df3d33db3e42d80eda/out/vs/platform/terminal/node/ptyHostMain.js:32:4662)
    at a.value (/root/.vscode-server/bin/903b1e9d8990623e3d7da1df3d33db3e42d80eda/out/vs/platform/terminal/node/ptyHostMain.js:32:4064)
    at d.y (/root/.vscode-server/bin/903b1e9d8990623e3d7da1df3d33db3e42d80eda/out/vs/platform/terminal/node/ptyHostMain.js:27:1906)
    at d.fire (/root/.vscode-server/bin/903b1e9d8990623e3d7da1df3d33db3e42d80eda/out/vs/platform/terminal/node/ptyHostMain.js:27:2123)
    at process.ne (/root/.vscode-server/bin/903b1e9d8990623e3d7da1df3d33db3e42d80eda/out/vs/platform/terminal/node/ptyHostMain.js:25:10072)
    at process.emit (node:events:514:28)
    at emit (node:internal/child_process:937:14)
    at process.processTicksAndRejections (node:internal/process/task_queues:83:21)
rejected promise not handled within 1 second: CodeExpectedError: Could not find pty on pty host
stack trace: CodeExpectedError: Could not find pty on pty host
    at A.U (/root/.vscode-server/bin/903b1e9d8990623e3d7da1df3d33db3e42d80eda/out/vs/platform/terminal/node/ptyHostMain.js:43:32407)
    at A.updateTitle (/root/.vscode-server/bin/903b1e9d8990623e3d7da1df3d33db3e42d80eda/out/vs/platform/terminal/node/ptyHostMain.js:43:27539)
    at U.<computed> (/root/.vscode-server/bin/903b1e9d8990623e3d7da1df3d33db3e42d80eda/out/vs/platform/terminal/node/ptyHostMain.js:43:22765)
    at Object.call (/root/.vscode-server/bin/903b1e9d8990623e3d7da1df3d33db3e42d80eda/out/vs/platform/terminal/node/ptyHostMain.js:34:5041)
    at $.s (/root/.vscode-server/bin/903b1e9d8990623e3d7da1df3d33db3e42d80eda/out/vs/platform/terminal/node/ptyHostMain.js:32:5153)
    at $.q (/root/.vscode-server/bin/903b1e9d8990623e3d7da1df3d33db3e42d80eda/out/vs/platform/terminal/node/ptyHostMain.js:32:4662)
    at a.value (/root/.vscode-server/bin/903b1e9d8990623e3d7da1df3d33db3e42d80eda/out/vs/platform/terminal/node/ptyHostMain.js:32:4064)
    at d.y (/root/.vscode-server/bin/903b1e9d8990623e3d7da1df3d33db3e42d80eda/out/vs/platform/terminal/node/ptyHostMain.js:27:1906)
    at d.fire (/root/.vscode-server/bin/903b1e9d8990623e3d7da1df3d33db3e42d80eda/out/vs/platform/terminal/node/ptyHostMain.js:27:2123)
    at process.ne (/root/.vscode-server/bin/903b1e9d8990623e3d7da1df3d33db3e42d80eda/out/vs/platform/terminal/node/ptyHostMain.js:25:10072)
    at process.emit (node:events:514:28)
    at emit (node:internal/child_process:937:14)
    at process.processTicksAndRejections (node:internal/process/task_queues:83:21)
[05:09:29] Error [CodeExpectedError]: Could not find pty on pty host
    at A.U (/root/.vscode-server/bin/903b1e9d8990623e3d7da1df3d33db3e42d80eda/out/vs/platform/terminal/node/ptyHostMain.js:43:32407)
    at A.updateTitle (/root/.vscode-server/bin/903b1e9d8990623e3d7da1df3d33db3e42d80eda/out/vs/platform/terminal/node/ptyHostMain.js:43:27539)
    at U.<computed> (/root/.vscode-server/bin/903b1e9d8990623e3d7da1df3d33db3e42d80eda/out/vs/platform/terminal/node/ptyHostMain.js:43:22765)
    at Object.call (/root/.vscode-server/bin/903b1e9d8990623e3d7da1df3d33db3e42d80eda/out/vs/platform/terminal/node/ptyHostMain.js:34:5041)
    at $.s (/root/.vscode-server/bin/903b1e9d8990623e3d7da1df3d33db3e42d80eda/out/vs/platform/terminal/node/ptyHostMain.js:32:5153)
    at $.q (/root/.vscode-server/bin/903b1e9d8990623e3d7da1df3d33db3e42d80eda/out/vs/platform/terminal/node/ptyHostMain.js:32:4662)
    at a.value (/root/.vscode-server/bin/903b1e9d8990623e3d7da1df3d33db3e42d80eda/out/vs/platform/terminal/node/ptyHostMain.js:32:4064)
    at d.y (/root/.vscode-server/bin/903b1e9d8990623e3d7da1df3d33db3e42d80eda/out/vs/platform/terminal/node/ptyHostMain.js:27:1906)
    at d.fire (/root/.vscode-server/bin/903b1e9d8990623e3d7da1df3d33db3e42d80eda/out/vs/platform/terminal/node/ptyHostMain.js:27:2123)
    at process.ne (/root/.vscode-server/bin/903b1e9d8990623e3d7da1df3d33db3e42d80eda/out/vs/platform/terminal/node/ptyHostMain.js:25:10072)
    at process.emit (node:events:514:28)
    at emit (node:internal/child_process:937:14)
    at process.processTicksAndRejections (node:internal/process/task_queues:83:21)
rejected promise not handled within 1 second: CodeExpectedError: Could not find pty on pty host
stack trace: CodeExpectedError: Could not find pty on pty host
    at A.U (/root/.vscode-server/bin/903b1e9d8990623e3d7da1df3d33db3e42d80eda/out/vs/platform/terminal/node/ptyHostMain.js:43:32407)
    at A.updateTitle (/root/.vscode-server/bin/903b1e9d8990623e3d7da1df3d33db3e42d80eda/out/vs/platform/terminal/node/ptyHostMain.js:43:27539)
    at U.<computed> (/root/.vscode-server/bin/903b1e9d8990623e3d7da1df3d33db3e42d80eda/out/vs/platform/terminal/node/ptyHostMain.js:43:22765)
    at Object.call (/root/.vscode-server/bin/903b1e9d8990623e3d7da1df3d33db3e42d80eda/out/vs/platform/terminal/node/ptyHostMain.js:34:5041)
    at $.s (/root/.vscode-server/bin/903b1e9d8990623e3d7da1df3d33db3e42d80eda/out/vs/platform/terminal/node/ptyHostMain.js:32:5153)
    at $.q (/root/.vscode-server/bin/903b1e9d8990623e3d7da1df3d33db3e42d80eda/out/vs/platform/terminal/node/ptyHostMain.js:32:4662)
    at a.value (/root/.vscode-server/bin/903b1e9d8990623e3d7da1df3d33db3e42d80eda/out/vs/platform/terminal/node/ptyHostMain.js:32:4064)
    at d.y (/root/.vscode-server/bin/903b1e9d8990623e3d7da1df3d33db3e42d80eda/out/vs/platform/terminal/node/ptyHostMain.js:27:1906)
    at d.fire (/root/.vscode-server/bin/903b1e9d8990623e3d7da1df3d33db3e42d80eda/out/vs/platform/terminal/node/ptyHostMain.js:27:2123)
    at process.ne (/root/.vscode-server/bin/903b1e9d8990623e3d7da1df3d33db3e42d80eda/out/vs/platform/terminal/node/ptyHostMain.js:25:10072)
    at process.emit (node:events:514:28)
    at emit (node:internal/child_process:937:14)
    at process.processTicksAndRejections (node:internal/process/task_queues:83:21)
[05:09:30] Error [CodeExpectedError]: Could not find pty on pty host
    at A.U (/root/.vscode-server/bin/903b1e9d8990623e3d7da1df3d33db3e42d80eda/out/vs/platform/terminal/node/ptyHostMain.js:43:32407)
    at A.updateTitle (/root/.vscode-server/bin/903b1e9d8990623e3d7da1df3d33db3e42d80eda/out/vs/platform/terminal/node/ptyHostMain.js:43:27539)
    at U.<computed> (/root/.vscode-server/bin/903b1e9d8990623e3d7da1df3d33db3e42d80eda/out/vs/platform/terminal/node/ptyHostMain.js:43:22765)
    at Object.call (/root/.vscode-server/bin/903b1e9d8990623e3d7da1df3d33db3e42d80eda/out/vs/platform/terminal/node/ptyHostMain.js:34:5041)
    at $.s (/root/.vscode-server/bin/903b1e9d8990623e3d7da1df3d33db3e42d80eda/out/vs/platform/terminal/node/ptyHostMain.js:32:5153)
    at $.q (/root/.vscode-server/bin/903b1e9d8990623e3d7da1df3d33db3e42d80eda/out/vs/platform/terminal/node/ptyHostMain.js:32:4662)
    at a.value (/root/.vscode-server/bin/903b1e9d8990623e3d7da1df3d33db3e42d80eda/out/vs/platform/terminal/node/ptyHostMain.js:32:4064)
    at d.y (/root/.vscode-server/bin/903b1e9d8990623e3d7da1df3d33db3e42d80eda/out/vs/platform/terminal/node/ptyHostMain.js:27:1906)
    at d.fire (/root/.vscode-server/bin/903b1e9d8990623e3d7da1df3d33db3e42d80eda/out/vs/platform/terminal/node/ptyHostMain.js:27:2123)
    at process.ne (/root/.vscode-server/bin/903b1e9d8990623e3d7da1df3d33db3e42d80eda/out/vs/platform/terminal/node/ptyHostMain.js:25:10072)
    at process.emit (node:events:514:28)
    at emit (node:internal/child_process:937:14)
    at process.processTicksAndRejections (node:internal/process/task_queues:83:21)
[05:09:59] [127.0.0.1][5dccdd88][ExtensionHostConnection] The client has reconnected.
[05:27:53] [127.0.0.1][c3086e35][ManagementConnection] The client has reconnected.
rejected promise not handled within 1 second: CodeExpectedError: Could not find pty on pty host
stack trace: CodeExpectedError: Could not find pty on pty host
    at A.U (/root/.vscode-server/bin/903b1e9d8990623e3d7da1df3d33db3e42d80eda/out/vs/platform/terminal/node/ptyHostMain.js:43:32407)
    at A.updateIcon (/root/.vscode-server/bin/903b1e9d8990623e3d7da1df3d33db3e42d80eda/out/vs/platform/terminal/node/ptyHostMain.js:43:27592)
    at U.<computed> (/root/.vscode-server/bin/903b1e9d8990623e3d7da1df3d33db3e42d80eda/out/vs/platform/terminal/node/ptyHostMain.js:43:22765)
    at Object.call (/root/.vscode-server/bin/903b1e9d8990623e3d7da1df3d33db3e42d80eda/out/vs/platform/terminal/node/ptyHostMain.js:34:5041)
    at $.s (/root/.vscode-server/bin/903b1e9d8990623e3d7da1df3d33db3e42d80eda/out/vs/platform/terminal/node/ptyHostMain.js:32:5153)
    at $.q (/root/.vscode-server/bin/903b1e9d8990623e3d7da1df3d33db3e42d80eda/out/vs/platform/terminal/node/ptyHostMain.js:32:4662)
    at a.value (/root/.vscode-server/bin/903b1e9d8990623e3d7da1df3d33db3e42d80eda/out/vs/platform/terminal/node/ptyHostMain.js:32:4064)
    at d.y (/root/.vscode-server/bin/903b1e9d8990623e3d7da1df3d33db3e42d80eda/out/vs/platform/terminal/node/ptyHostMain.js:27:1906)
    at d.fire (/root/.vscode-server/bin/903b1e9d8990623e3d7da1df3d33db3e42d80eda/out/vs/platform/terminal/node/ptyHostMain.js:27:2123)
    at process.ne (/root/.vscode-server/bin/903b1e9d8990623e3d7da1df3d33db3e42d80eda/out/vs/platform/terminal/node/ptyHostMain.js:25:10072)
    at process.emit (node:events:514:28)
    at emit (node:internal/child_process:937:14)
    at process.processTicksAndRejections (node:internal/process/task_queues:83:21)
[05:27:55] Error [CodeExpectedError]: Could not find pty on pty host
    at A.U (/root/.vscode-server/bin/903b1e9d8990623e3d7da1df3d33db3e42d80eda/out/vs/platform/terminal/node/ptyHostMain.js:43:32407)
    at A.updateIcon (/root/.vscode-server/bin/903b1e9d8990623e3d7da1df3d33db3e42d80eda/out/vs/platform/terminal/node/ptyHostMain.js:43:27592)
    at U.<computed> (/root/.vscode-server/bin/903b1e9d8990623e3d7da1df3d33db3e42d80eda/out/vs/platform/terminal/node/ptyHostMain.js:43:22765)
    at Object.call (/root/.vscode-server/bin/903b1e9d8990623e3d7da1df3d33db3e42d80eda/out/vs/platform/terminal/node/ptyHostMain.js:34:5041)
    at $.s (/root/.vscode-server/bin/903b1e9d8990623e3d7da1df3d33db3e42d80eda/out/vs/platform/terminal/node/ptyHostMain.js:32:5153)
    at $.q (/root/.vscode-server/bin/903b1e9d8990623e3d7da1df3d33db3e42d80eda/out/vs/platform/terminal/node/ptyHostMain.js:32:4662)
    at a.value (/root/.vscode-server/bin/903b1e9d8990623e3d7da1df3d33db3e42d80eda/out/vs/platform/terminal/node/ptyHostMain.js:32:4064)
    at d.y (/root/.vscode-server/bin/903b1e9d8990623e3d7da1df3d33db3e42d80eda/out/vs/platform/terminal/node/ptyHostMain.js:27:1906)
    at d.fire (/root/.vscode-server/bin/903b1e9d8990623e3d7da1df3d33db3e42d80eda/out/vs/platform/terminal/node/ptyHostMain.js:27:2123)
    at process.ne (/root/.vscode-server/bin/903b1e9d8990623e3d7da1df3d33db3e42d80eda/out/vs/platform/terminal/node/ptyHostMain.js:25:10072)
    at process.emit (node:events:514:28)
    at emit (node:internal/child_process:937:14)
    at process.processTicksAndRejections (node:internal/process/task_queues:83:21)
rejected promise not handled within 1 second: CodeExpectedError: Could not find pty on pty host
stack trace: CodeExpectedError: Could not find pty on pty host
    at A.U (/root/.vscode-server/bin/903b1e9d8990623e3d7da1df3d33db3e42d80eda/out/vs/platform/terminal/node/ptyHostMain.js:43:32407)
    at A.updateTitle (/root/.vscode-server/bin/903b1e9d8990623e3d7da1df3d33db3e42d80eda/out/vs/platform/terminal/node/ptyHostMain.js:43:27539)
    at U.<computed> (/root/.vscode-server/bin/903b1e9d8990623e3d7da1df3d33db3e42d80eda/out/vs/platform/terminal/node/ptyHostMain.js:43:22765)
    at Object.call (/root/.vscode-server/bin/903b1e9d8990623e3d7da1df3d33db3e42d80eda/out/vs/platform/terminal/node/ptyHostMain.js:34:5041)
    at $.s (/root/.vscode-server/bin/903b1e9d8990623e3d7da1df3d33db3e42d80eda/out/vs/platform/terminal/node/ptyHostMain.js:32:5153)
    at $.q (/root/.vscode-server/bin/903b1e9d8990623e3d7da1df3d33db3e42d80eda/out/vs/platform/terminal/node/ptyHostMain.js:32:4662)
    at a.value (/root/.vscode-server/bin/903b1e9d8990623e3d7da1df3d33db3e42d80eda/out/vs/platform/terminal/node/ptyHostMain.js:32:4064)
    at d.y (/root/.vscode-server/bin/903b1e9d8990623e3d7da1df3d33db3e42d80eda/out/vs/platform/terminal/node/ptyHostMain.js:27:1906)
    at d.fire (/root/.vscode-server/bin/903b1e9d8990623e3d7da1df3d33db3e42d80eda/out/vs/platform/terminal/node/ptyHostMain.js:27:2123)
    at process.ne (/root/.vscode-server/bin/903b1e9d8990623e3d7da1df3d33db3e42d80eda/out/vs/platform/terminal/node/ptyHostMain.js:25:10072)
    at process.emit (node:events:514:28)
    at emit (node:internal/child_process:937:14)
    at process.processTicksAndRejections (node:internal/process/task_queues:83:21)
[05:27:55] Error [CodeExpectedError]: Could not find pty on pty host
    at A.U (/root/.vscode-server/bin/903b1e9d8990623e3d7da1df3d33db3e42d80eda/out/vs/platform/terminal/node/ptyHostMain.js:43:32407)
    at A.updateTitle (/root/.vscode-server/bin/903b1e9d8990623e3d7da1df3d33db3e42d80eda/out/vs/platform/terminal/node/ptyHostMain.js:43:27539)
    at U.<computed> (/root/.vscode-server/bin/903b1e9d8990623e3d7da1df3d33db3e42d80eda/out/vs/platform/terminal/node/ptyHostMain.js:43:22765)
    at Object.call (/root/.vscode-server/bin/903b1e9d8990623e3d7da1df3d33db3e42d80eda/out/vs/platform/terminal/node/ptyHostMain.js:34:5041)
    at $.s (/root/.vscode-server/bin/903b1e9d8990623e3d7da1df3d33db3e42d80eda/out/vs/platform/terminal/node/ptyHostMain.js:32:5153)
    at $.q (/root/.vscode-server/bin/903b1e9d8990623e3d7da1df3d33db3e42d80eda/out/vs/platform/terminal/node/ptyHostMain.js:32:4662)
    at a.value (/root/.vscode-server/bin/903b1e9d8990623e3d7da1df3d33db3e42d80eda/out/vs/platform/terminal/node/ptyHostMain.js:32:4064)
    at d.y (/root/.vscode-server/bin/903b1e9d8990623e3d7da1df3d33db3e42d80eda/out/vs/platform/terminal/node/ptyHostMain.js:27:1906)
    at d.fire (/root/.vscode-server/bin/903b1e9d8990623e3d7da1df3d33db3e42d80eda/out/vs/platform/terminal/node/ptyHostMain.js:27:2123)
    at process.ne (/root/.vscode-server/bin/903b1e9d8990623e3d7da1df3d33db3e42d80eda/out/vs/platform/terminal/node/ptyHostMain.js:25:10072)
    at process.emit (node:events:514:28)
    at emit (node:internal/child_process:937:14)
    at process.processTicksAndRejections (node:internal/process/task_queues:83:21)
rejected promise not handled within 1 second: CodeExpectedError: Could not find pty on pty host
stack trace: CodeExpectedError: Could not find pty on pty host
    at A.U (/root/.vscode-server/bin/903b1e9d8990623e3d7da1df3d33db3e42d80eda/out/vs/platform/terminal/node/ptyHostMain.js:43:32407)
    at A.updateTitle (/root/.vscode-server/bin/903b1e9d8990623e3d7da1df3d33db3e42d80eda/out/vs/platform/terminal/node/ptyHostMain.js:43:27539)
    at U.<computed> (/root/.vscode-server/bin/903b1e9d8990623e3d7da1df3d33db3e42d80eda/out/vs/platform/terminal/node/ptyHostMain.js:43:22765)
    at Object.call (/root/.vscode-server/bin/903b1e9d8990623e3d7da1df3d33db3e42d80eda/out/vs/platform/terminal/node/ptyHostMain.js:34:5041)
    at $.s (/root/.vscode-server/bin/903b1e9d8990623e3d7da1df3d33db3e42d80eda/out/vs/platform/terminal/node/ptyHostMain.js:32:5153)
    at $.q (/root/.vscode-server/bin/903b1e9d8990623e3d7da1df3d33db3e42d80eda/out/vs/platform/terminal/node/ptyHostMain.js:32:4662)
    at a.value (/root/.vscode-server/bin/903b1e9d8990623e3d7da1df3d33db3e42d80eda/out/vs/platform/terminal/node/ptyHostMain.js:32:4064)
    at d.y (/root/.vscode-server/bin/903b1e9d8990623e3d7da1df3d33db3e42d80eda/out/vs/platform/terminal/node/ptyHostMain.js:27:1906)
    at d.fire (/root/.vscode-server/bin/903b1e9d8990623e3d7da1df3d33db3e42d80eda/out/vs/platform/terminal/node/ptyHostMain.js:27:2123)
    at process.ne (/root/.vscode-server/bin/903b1e9d8990623e3d7da1df3d33db3e42d80eda/out/vs/platform/terminal/node/ptyHostMain.js:25:10072)
    at process.emit (node:events:514:28)
    at emit (node:internal/child_process:937:14)
    at process.processTicksAndRejections (node:internal/process/task_queues:83:21)
[05:27:55] Error [CodeExpectedError]: Could not find pty on pty host
    at A.U (/root/.vscode-server/bin/903b1e9d8990623e3d7da1df3d33db3e42d80eda/out/vs/platform/terminal/node/ptyHostMain.js:43:32407)
    at A.updateTitle (/root/.vscode-server/bin/903b1e9d8990623e3d7da1df3d33db3e42d80eda/out/vs/platform/terminal/node/ptyHostMain.js:43:27539)
    at U.<computed> (/root/.vscode-server/bin/903b1e9d8990623e3d7da1df3d33db3e42d80eda/out/vs/platform/terminal/node/ptyHostMain.js:43:22765)
    at Object.call (/root/.vscode-server/bin/903b1e9d8990623e3d7da1df3d33db3e42d80eda/out/vs/platform/terminal/node/ptyHostMain.js:34:5041)
    at $.s (/root/.vscode-server/bin/903b1e9d8990623e3d7da1df3d33db3e42d80eda/out/vs/platform/terminal/node/ptyHostMain.js:32:5153)
    at $.q (/root/.vscode-server/bin/903b1e9d8990623e3d7da1df3d33db3e42d80eda/out/vs/platform/terminal/node/ptyHostMain.js:32:4662)
    at a.value (/root/.vscode-server/bin/903b1e9d8990623e3d7da1df3d33db3e42d80eda/out/vs/platform/terminal/node/ptyHostMain.js:32:4064)
    at d.y (/root/.vscode-server/bin/903b1e9d8990623e3d7da1df3d33db3e42d80eda/out/vs/platform/terminal/node/ptyHostMain.js:27:1906)
    at d.fire (/root/.vscode-server/bin/903b1e9d8990623e3d7da1df3d33db3e42d80eda/out/vs/platform/terminal/node/ptyHostMain.js:27:2123)
    at process.ne (/root/.vscode-server/bin/903b1e9d8990623e3d7da1df3d33db3e42d80eda/out/vs/platform/terminal/node/ptyHostMain.js:25:10072)
    at process.emit (node:events:514:28)
    at emit (node:internal/child_process:937:14)
    at process.processTicksAndRejections (node:internal/process/task_queues:83:21)
rejected promise not handled within 1 second: CodeExpectedError: Could not find pty on pty host
stack trace: CodeExpectedError: Could not find pty on pty host
    at A.U (/root/.vscode-server/bin/903b1e9d8990623e3d7da1df3d33db3e42d80eda/out/vs/platform/terminal/node/ptyHostMain.js:43:32407)
    at A.updateTitle (/root/.vscode-server/bin/903b1e9d8990623e3d7da1df3d33db3e42d80eda/out/vs/platform/terminal/node/ptyHostMain.js:43:27539)
    at U.<computed> (/root/.vscode-server/bin/903b1e9d8990623e3d7da1df3d33db3e42d80eda/out/vs/platform/terminal/node/ptyHostMain.js:43:22765)
    at Object.call (/root/.vscode-server/bin/903b1e9d8990623e3d7da1df3d33db3e42d80eda/out/vs/platform/terminal/node/ptyHostMain.js:34:5041)
    at $.s (/root/.vscode-server/bin/903b1e9d8990623e3d7da1df3d33db3e42d80eda/out/vs/platform/terminal/node/ptyHostMain.js:32:5153)
    at $.q (/root/.vscode-server/bin/903b1e9d8990623e3d7da1df3d33db3e42d80eda/out/vs/platform/terminal/node/ptyHostMain.js:32:4662)
    at a.value (/root/.vscode-server/bin/903b1e9d8990623e3d7da1df3d33db3e42d80eda/out/vs/platform/terminal/node/ptyHostMain.js:32:4064)
    at d.y (/root/.vscode-server/bin/903b1e9d8990623e3d7da1df3d33db3e42d80eda/out/vs/platform/terminal/node/ptyHostMain.js:27:1906)
    at d.fire (/root/.vscode-server/bin/903b1e9d8990623e3d7da1df3d33db3e42d80eda/out/vs/platform/terminal/node/ptyHostMain.js:27:2123)
    at process.ne (/root/.vscode-server/bin/903b1e9d8990623e3d7da1df3d33db3e42d80eda/out/vs/platform/terminal/node/ptyHostMain.js:25:10072)
    at process.emit (node:events:514:28)
    at emit (node:internal/child_process:937:14)
    at process.processTicksAndRejections (node:internal/process/task_queues:83:21)
[05:27:55] Error [CodeExpectedError]: Could not find pty on pty host
    at A.U (/root/.vscode-server/bin/903b1e9d8990623e3d7da1df3d33db3e42d80eda/out/vs/platform/terminal/node/ptyHostMain.js:43:32407)
    at A.updateTitle (/root/.vscode-server/bin/903b1e9d8990623e3d7da1df3d33db3e42d80eda/out/vs/platform/terminal/node/ptyHostMain.js:43:27539)
    at U.<computed> (/root/.vscode-server/bin/903b1e9d8990623e3d7da1df3d33db3e42d80eda/out/vs/platform/terminal/node/ptyHostMain.js:43:22765)
    at Object.call (/root/.vscode-server/bin/903b1e9d8990623e3d7da1df3d33db3e42d80eda/out/vs/platform/terminal/node/ptyHostMain.js:34:5041)
    at $.s (/root/.vscode-server/bin/903b1e9d8990623e3d7da1df3d33db3e42d80eda/out/vs/platform/terminal/node/ptyHostMain.js:32:5153)
    at $.q (/root/.vscode-server/bin/903b1e9d8990623e3d7da1df3d33db3e42d80eda/out/vs/platform/terminal/node/ptyHostMain.js:32:4662)
    at a.value (/root/.vscode-server/bin/903b1e9d8990623e3d7da1df3d33db3e42d80eda/out/vs/platform/terminal/node/ptyHostMain.js:32:4064)
    at d.y (/root/.vscode-server/bin/903b1e9d8990623e3d7da1df3d33db3e42d80eda/out/vs/platform/terminal/node/ptyHostMain.js:27:1906)
    at d.fire (/root/.vscode-server/bin/903b1e9d8990623e3d7da1df3d33db3e42d80eda/out/vs/platform/terminal/node/ptyHostMain.js:27:2123)
    at process.ne (/root/.vscode-server/bin/903b1e9d8990623e3d7da1df3d33db3e42d80eda/out/vs/platform/terminal/node/ptyHostMain.js:25:10072)
    at process.emit (node:events:514:28)
    at emit (node:internal/child_process:937:14)
    at process.processTicksAndRejections (node:internal/process/task_queues:83:21)
[05:28:26] [127.0.0.1][5dccdd88][ExtensionHostConnection] The client has reconnected.
[05:29:09] [127.0.0.1][c3086e35][ManagementConnection] The client has disconnected gracefully, so the connection will be disposed.
[05:29:09] [127.0.0.1][5dccdd88][ExtensionHostConnection] <42191> Extension Host Process exited with code: 0, signal: null.
Last EH closed, waiting before shutting down
[05:29:09] Last EH closed, waiting before shutting down
Last EH closed, shutting down
[05:34:09] Last EH closed, shutting down
